app/build/outputs/logs/manifest-merger-debug-report.txt
-- Merging decision tree log ---
manifest
ADDED from src\main\AndroidManifest.xml:2:1-406:12
	package
		ADDED from src\main\AndroidManifest.xml:4:5-31
		INJECTED from src\main\AndroidManifest.xml
		INJECTED from src\main\AndroidManifest.xml
	android:versionName
		ADDED from src\main\AndroidManifest.xml:6:5-30
		INJECTED from src\main\AndroidManifest.xml
		INJECTED from src\main\AndroidManifest.xml
	xmlns:tools
		ADDED from src\main\AndroidManifest.xml:3:5-51
	android:versionCode
		ADDED from src\main\AndroidManifest.xml:5:5-28
		INJECTED from src\main\AndroidManifest.xml
		INJECTED from src\main\AndroidManifest.xml
	xmlns:android
		ADDED from src\main\AndroidManifest.xml:2:11-69
uses-feature#android.hardware.usb.host
ADDED from src\main\AndroidManifest.xml:8:5-62
	android:name
		ADDED from src\main\AndroidManifest.xml:8:19-59
uses-permission#android.permission.ACCESS_NETWORK_STATE
ADDED from src\main\AndroidManifest.xml:10:5-79
	android:name
		ADDED from src\main\AndroidManifest.xml:10:22-76
uses-permission#android.permission.WRITE_EXTERNAL_STORAGE
ADDED from src\main\AndroidManifest.xml:11:5-81
	android:name
		ADDED from src\main\AndroidManifest.xml:11:22-78
uses-permission#android.permission.INTERNET
ADDED from src\main\AndroidManifest.xml:12:5-67
MERGED from [wepfnb_gst:upgradeModule:unspecified] AndroidManifest.xml:10:5-67
MERGED from [com.razorpay:checkout:1.2.1] AndroidManifest.xml:9:5-67
	android:name
		ADDED from src\main\AndroidManifest.xml:12:22-64
uses-permission#android.permission.READ_PHONE_STATE
ADDED from src\main\AndroidManifest.xml:13:5-75
	android:name
		ADDED from src\main\AndroidManifest.xml:13:22-72
uses-permission#android.permission.READ_EXTERNAL_STORAGE
ADDED from src\main\AndroidManifest.xml:14:5-80
	android:name
		ADDED from src\main\AndroidManifest.xml:14:22-77
uses-permission#android.permission.BLUETOOTH_ADMIN
ADDED from src\main\AndroidManifest.xml:15:5-74
MERGED from [wepfnb_gst:printers:unspecified] AndroidManifest.xml:58:5-74
	android:name
		ADDED from src\main\AndroidManifest.xml:15:22-71
uses-permission#android.permission.BLUETOOTH
ADDED from src\main\AndroidManifest.xml:16:5-68
MERGED from [wepfnb_gst:printers:unspecified] AndroidManifest.xml:57:5-68
	android:name
		ADDED from src\main\AndroidManifest.xml:16:22-65
uses-permission#android.permission.READ_LOGS
ADDED from src\main\AndroidManifest.xml:17:5-68
	android:name
		ADDED from src\main\AndroidManifest.xml:17:22-65
uses-permission#android.permission.SYSTEM_ALERT_WINDOW
ADDED from src\main\AndroidManifest.xml:18:5-78
	android:name
		ADDED from src\main\AndroidManifest.xml:18:22-75
uses-permission#android.permission.RECORD_AUDIO
ADDED from src\main\AndroidManifest.xml:21:5-71
	android:name
		ADDED from src\main\AndroidManifest.xml:21:22-68
uses-permission#android.permission.MODIFY_AUDIO_SETTINGS
ADDED from src\main\AndroidManifest.xml:22:5-80
	android:name
		ADDED from src\main\AndroidManifest.xml:22:22-77
uses-permission#android.permission.ACCESS_WIFI_STATE
ADDED from src\main\AndroidManifest.xml:23:5-76
MERGED from [wepfnb_gst:upgradeModule:unspecified] AndroidManifest.xml:9:5-76
	android:name
		ADDED from src\main\AndroidManifest.xml:23:22-73
uses-permission#android.permission.WAKE_LOCK
ADDED from src\main\AndroidManifest.xml:24:5-68
	android:name
		ADDED from src\main\AndroidManifest.xml:24:22-65
uses-permission#android.permission.CALL_PHONE
ADDED from src\main\AndroidManifest.xml:25:5-69
	android:name
		ADDED from src\main\AndroidManifest.xml:25:22-66
supports-screens
ADDED from src\main\AndroidManifest.xml:27:5-33:40
	android:largeScreens
		ADDED from src\main\AndroidManifest.xml:29:9-36
	android:smallScreens
		ADDED from src\main\AndroidManifest.xml:32:9-36
	android:normalScreens
		ADDED from src\main\AndroidManifest.xml:30:9-37
	android:xlargeScreens
		ADDED from src\main\AndroidManifest.xml:33:9-37
	android:resizeable
		ADDED from src\main\AndroidManifest.xml:31:9-34
	android:anyDensity
		ADDED from src\main\AndroidManifest.xml:28:9-34
application
ADDED from src\main\AndroidManifest.xml:35:5-404:19
MERGED from [com.android.support:design:25.0.1] AndroidManifest.xml:25:5-20
MERGED from [com.android.support:transition:25.0.1] AndroidManifest.xml:22:5-20
MERGED from [com.android.support:percent:25.1.1] AndroidManifest.xml:22:5-20
MERGED from [com.weiwangcn.betterspinner:library:1.1.0] AndroidManifest.xml:11:5-14:19
MERGED from [com.sothree.slidinguppanel:library:3.3.1] AndroidManifest.xml:9:5-20
MERGED from [com.android.support:appcompat-v7:25.1.1] AndroidManifest.xml:25:5-20
MERGED from [com.android.support:animated-vector-drawable:25.1.1] AndroidManifest.xml:22:5-20
MERGED from [com.android.support:support-vector-drawable:25.1.1] AndroidManifest.xml:23:5-20
MERGED from [com.android.support:support-v13:24.2.1] AndroidManifest.xml:25:5-20
MERGED from [com.android.support:support-v4:25.1.1] AndroidManifest.xml:25:5-20
MERGED from [com.android.support:support-fragment:25.1.1] AndroidManifest.xml:25:5-20
MERGED from [com.android.support:support-media-compat:25.1.1] AndroidManifest.xml:25:5-20
MERGED from [com.android.support:support-core-ui:25.1.1] AndroidManifest.xml:25:5-20
MERGED from [com.android.support:support-core-utils:25.1.1] AndroidManifest.xml:25:5-20
MERGED from [com.android.support:support-compat:25.1.1] AndroidManifest.xml:25:5-20
MERGED from [com.razorpay:checkout:1.2.1] AndroidManifest.xml:11:5-24:19
MERGED from [com.android.support.constraint:constraint-layout:1.0.2] AndroidManifest.xml:9:5-20
	android:label
		ADDED from src\main\AndroidManifest.xml:38:9-41
		REJECTED from [com.weiwangcn.betterspinner:library:1.1.0] AndroidManifest.xml:13:9-41
	android:icon
		ADDED from src\main\AndroidManifest.xml:37:9-45
	android:allowBackup
		ADDED from [com.weiwangcn.betterspinner:library:1.1.0] AndroidManifest.xml:12:9-35
	android:theme
		ADDED from src\main\AndroidManifest.xml:39:9-43
	tools:replace
		ADDED from src\main\AndroidManifest.xml:40:9-51
	android:name
		ADDED from src\main\AndroidManifest.xml:36:9-75
meta-data#com.razorpay.ApiKey
ADDED from src\main\AndroidManifest.xml:46:9-48:55
	android:value
		ADDED from src\main\AndroidManifest.xml:48:13-52
	android:name
		ADDED from src\main\AndroidManifest.xml:47:13-47
activity#com.wepindia.pos.LoginActivity
ADDED from src\main\AndroidManifest.xml:50:9-59:20
	android:screenOrientation
		ADDED from src\main\AndroidManifest.xml:52:13-56
	android:windowSoftInputMode
		ADDED from src\main\AndroidManifest.xml:53:13-54
	android:name
		ADDED from src\main\AndroidManifest.xml:51:13-42
intent-filter#android.intent.action.MAIN+android.intent.category.LAUNCHER
ADDED from src\main\AndroidManifest.xml:54:13-58:29
action#android.intent.action.MAIN
ADDED from src\main\AndroidManifest.xml:55:17-69
	android:name
		ADDED from src\main\AndroidManifest.xml:55:25-66
category#android.intent.category.LAUNCHER
ADDED from src\main\AndroidManifest.xml:57:17-77
	android:name
		ADDED from src\main\AndroidManifest.xml:57:27-74
activity#com.wepindia.pos.HomeActivity
ADDED from src\main\AndroidManifest.xml:60:9-64:57
	android:screenOrientation
		ADDED from src\main\AndroidManifest.xml:63:13-56
	android:windowSoftInputMode
		ADDED from src\main\AndroidManifest.xml:64:13-54
	android:configChanges
		ADDED from src\main\AndroidManifest.xml:62:13-79
	android:name
		ADDED from src\main\AndroidManifest.xml:61:13-41
activity#com.wepindia.pos.OwnerDetailsActivity
ADDED from src\main\AndroidManifest.xml:65:9-69:57
	android:screenOrientation
		ADDED from src\main\AndroidManifest.xml:68:13-56
	android:windowSoftInputMode
		ADDED from src\main\AndroidManifest.xml:69:13-54
	android:configChanges
		ADDED from src\main\AndroidManifest.xml:67:13-79
	android:name
		ADDED from src\main\AndroidManifest.xml:66:13-49
activity#com.wepindia.pos.ConfigurationActivity
ADDED from src\main\AndroidManifest.xml:70:9-74:57
	android:screenOrientation
		ADDED from src\main\AndroidManifest.xml:73:13-56
	android:windowSoftInputMode
		ADDED from src\main\AndroidManifest.xml:74:13-54
	android:configChanges
		ADDED from src\main\AndroidManifest.xml:72:13-79
	android:name
		ADDED from src\main\AndroidManifest.xml:71:13-50
activity#com.wepindia.pos.VoucherActivity
ADDED from src\main\AndroidManifest.xml:75:9-79:57
	android:screenOrientation
		ADDED from src\main\AndroidManifest.xml:78:13-56
	android:windowSoftInputMode
		ADDED from src\main\AndroidManifest.xml:79:13-54
	android:configChanges
		ADDED from src\main\AndroidManifest.xml:77:13-79
	android:name
		ADDED from src\main\AndroidManifest.xml:76:13-44
activity#com.wepindia.pos.KOTModifierActivity
ADDED from src\main\AndroidManifest.xml:80:9-84:57
	android:screenOrientation
		ADDED from src\main\AndroidManifest.xml:83:13-56
	android:windowSoftInputMode
		ADDED from src\main\AndroidManifest.xml:84:13-54
	android:configChanges
		ADDED from src\main\AndroidManifest.xml:82:13-79
	android:name
		ADDED from src\main\AndroidManifest.xml:81:13-48
activity#com.wepindia.pos.StatusActivity_unused
ADDED from src\main\AndroidManifest.xml:85:9-89:57
	android:screenOrientation
		ADDED from src\main\AndroidManifest.xml:88:13-56
	android:windowSoftInputMode
		ADDED from src\main\AndroidManifest.xml:89:13-54
	android:configChanges
		ADDED from src\main\AndroidManifest.xml:87:13-79
	android:name
		ADDED from src\main\AndroidManifest.xml:86:13-50
activity#com.wepindia.pos.KOTStatusActivity
ADDED from src\main\AndroidManifest.xml:90:9-94:57
	android:screenOrientation
		ADDED from src\main\AndroidManifest.xml:93:13-56
	android:windowSoftInputMode
		ADDED from src\main\AndroidManifest.xml:94:13-54
	android:configChanges
		ADDED from src\main\AndroidManifest.xml:92:13-79
	android:name
		ADDED from src\main\AndroidManifest.xml:91:13-46
activity#com.wepindia.pos.TableStatusActivity
ADDED from src\main\AndroidManifest.xml:95:9-99:57
	android:screenOrientation
		ADDED from src\main\AndroidManifest.xml:98:13-56
	android:windowSoftInputMode
		ADDED from src\main\AndroidManifest.xml:99:13-54
	android:configChanges
		ADDED from src\main\AndroidManifest.xml:97:13-79
	android:name
		ADDED from src\main\AndroidManifest.xml:96:13-48
activity#com.wepindia.pos.TableBookingActivity
ADDED from src\main\AndroidManifest.xml:100:9-104:73
	android:screenOrientation
		ADDED from src\main\AndroidManifest.xml:103:13-56
	android:windowSoftInputMode
		ADDED from src\main\AndroidManifest.xml:104:13-70
	android:configChanges
		ADDED from src\main\AndroidManifest.xml:102:13-79
	android:name
		ADDED from src\main\AndroidManifest.xml:101:13-49
activity#com.wepindia.pos.PaymentReceiptActivity
ADDED from src\main\AndroidManifest.xml:105:9-109:57
	android:screenOrientation
		ADDED from src\main\AndroidManifest.xml:108:13-56
	android:windowSoftInputMode
		ADDED from src\main\AndroidManifest.xml:109:13-54
	android:configChanges
		ADDED from src\main\AndroidManifest.xml:107:13-91
	android:name
		ADDED from src\main\AndroidManifest.xml:106:13-51
activity#com.wepindia.pos.CustomerDetailActivity
ADDED from src\main\AndroidManifest.xml:110:9-114:57
	android:screenOrientation
		ADDED from src\main\AndroidManifest.xml:113:13-56
	android:windowSoftInputMode
		ADDED from src\main\AndroidManifest.xml:114:13-54
	android:configChanges
		ADDED from src\main\AndroidManifest.xml:112:13-79
	android:name
		ADDED from src\main\AndroidManifest.xml:111:13-51
activity#com.wepindia.pos.EmployeeActivity_Unused
ADDED from src\main\AndroidManifest.xml:115:9-119:57
	android:screenOrientation
		ADDED from src\main\AndroidManifest.xml:118:13-56
	android:windowSoftInputMode
		ADDED from src\main\AndroidManifest.xml:119:13-54
	android:configChanges
		ADDED from src\main\AndroidManifest.xml:117:13-79
	android:name
		ADDED from src\main\AndroidManifest.xml:116:13-52
activity#com.wepindia.pos.ItemManagementActivity
ADDED from src\main\AndroidManifest.xml:120:9-124:73
	android:screenOrientation
		ADDED from src\main\AndroidManifest.xml:123:13-56
	android:windowSoftInputMode
		ADDED from src\main\AndroidManifest.xml:124:13-70
	android:configChanges
		ADDED from src\main\AndroidManifest.xml:122:13-79
	android:name
		ADDED from src\main\AndroidManifest.xml:121:13-51
activity#com.wepindia.pos.FilePickerActivity
ADDED from src\main\AndroidManifest.xml:125:9-129:57
	android:screenOrientation
		ADDED from src\main\AndroidManifest.xml:128:13-56
	android:windowSoftInputMode
		ADDED from src\main\AndroidManifest.xml:129:13-54
	android:configChanges
		ADDED from src\main\AndroidManifest.xml:127:13-91
	android:name
		ADDED from src\main\AndroidManifest.xml:126:13-47
activity#com.wepindia.pos.StockActivity
ADDED from src\main\AndroidManifest.xml:130:9-134:57
	android:screenOrientation
		ADDED from src\main\AndroidManifest.xml:133:13-56
	android:windowSoftInputMode
		ADDED from src\main\AndroidManifest.xml:134:13-54
	android:configChanges
		ADDED from src\main\AndroidManifest.xml:132:13-79
	android:name
		ADDED from src\main\AndroidManifest.xml:131:13-42
activity#com.wepindia.pos.MasterActivity
ADDED from src\main\AndroidManifest.xml:135:9-139:57
	android:screenOrientation
		ADDED from src\main\AndroidManifest.xml:138:13-56
	android:windowSoftInputMode
		ADDED from src\main\AndroidManifest.xml:139:13-54
	android:configChanges
		ADDED from src\main\AndroidManifest.xml:137:13-79
	android:name
		ADDED from src\main\AndroidManifest.xml:136:13-43
activity#com.wepindia.pos.TenderActivity
ADDED from src\main\AndroidManifest.xml:140:9-144:57
	android:screenOrientation
		ADDED from src\main\AndroidManifest.xml:143:13-56
	android:windowSoftInputMode
		ADDED from src\main\AndroidManifest.xml:144:13-54
	android:configChanges
		ADDED from src\main\AndroidManifest.xml:142:13-79
	android:name
		ADDED from src\main\AndroidManifest.xml:141:13-43
activity#com.wepindia.pos.BillingScreenActivity_Unused
ADDED from src\main\AndroidManifest.xml:145:9-150:73
	android:screenOrientation
		ADDED from src\main\AndroidManifest.xml:148:13-56
	android:windowSoftInputMode
		ADDED from src\main\AndroidManifest.xml:150:13-70
	android:configChanges
		ADDED from src\main\AndroidManifest.xml:147:13-79
	android:theme
		ADDED from src\main\AndroidManifest.xml:149:13-47
	android:name
		ADDED from src\main\AndroidManifest.xml:146:13-57
activity#com.wepindia.pos.BillingHomeDeliveryActivity
ADDED from src\main\AndroidManifest.xml:151:9-156:73
	android:screenOrientation
		ADDED from src\main\AndroidManifest.xml:154:13-56
	android:windowSoftInputMode
		ADDED from src\main\AndroidManifest.xml:156:13-70
	android:configChanges
		ADDED from src\main\AndroidManifest.xml:153:13-79
	android:theme
		ADDED from src\main\AndroidManifest.xml:155:13-47
	android:name
		ADDED from src\main\AndroidManifest.xml:152:13-56
activity#com.wepindia.pos.BillingDineInActivity
ADDED from src\main\AndroidManifest.xml:157:9-162:73
	android:screenOrientation
		ADDED from src\main\AndroidManifest.xml:160:13-56
	android:windowSoftInputMode
		ADDED from src\main\AndroidManifest.xml:162:13-70
	android:configChanges
		ADDED from src\main\AndroidManifest.xml:159:13-79
	android:theme
		ADDED from src\main\AndroidManifest.xml:161:13-47
	android:name
		ADDED from src\main\AndroidManifest.xml:158:13-50
activity#com.wepindia.pos.TableActivity
ADDED from src\main\AndroidManifest.xml:163:9-167:57
	android:screenOrientation
		ADDED from src\main\AndroidManifest.xml:166:13-56
	android:windowSoftInputMode
		ADDED from src\main\AndroidManifest.xml:167:13-54
	android:configChanges
		ADDED from src\main\AndroidManifest.xml:165:13-91
	android:name
		ADDED from src\main\AndroidManifest.xml:164:13-42
activity#com.wepindia.pos.SplitBillActivity
ADDED from src\main\AndroidManifest.xml:168:9-172:57
	android:screenOrientation
		ADDED from src\main\AndroidManifest.xml:171:13-56
	android:windowSoftInputMode
		ADDED from src\main\AndroidManifest.xml:172:13-54
	android:configChanges
		ADDED from src\main\AndroidManifest.xml:170:13-79
	android:name
		ADDED from src\main\AndroidManifest.xml:169:13-46
activity#com.wepindia.pos.TableShiftMergeActivity
ADDED from src\main\AndroidManifest.xml:173:9-177:57
	android:screenOrientation
		ADDED from src\main\AndroidManifest.xml:176:13-56
	android:windowSoftInputMode
		ADDED from src\main\AndroidManifest.xml:177:13-54
	android:configChanges
		ADDED from src\main\AndroidManifest.xml:175:13-91
	android:name
		ADDED from src\main\AndroidManifest.xml:174:13-52
activity#com.wepindia.pos.ModifyKOTActivity
ADDED from src\main\AndroidManifest.xml:178:9-182:57
	android:screenOrientation
		ADDED from src\main\AndroidManifest.xml:181:13-56
	android:windowSoftInputMode
		ADDED from src\main\AndroidManifest.xml:182:13-54
	android:configChanges
		ADDED from src\main\AndroidManifest.xml:180:13-91
	android:name
		ADDED from src\main\AndroidManifest.xml:179:13-46
activity#com.wepindia.pos.CustomerOrdersActivity
ADDED from src\main\AndroidManifest.xml:183:9-187:57
	android:screenOrientation
		ADDED from src\main\AndroidManifest.xml:186:13-56
	android:windowSoftInputMode
		ADDED from src\main\AndroidManifest.xml:187:13-54
	android:configChanges
		ADDED from src\main\AndroidManifest.xml:185:13-79
	android:name
		ADDED from src\main\AndroidManifest.xml:184:13-51
activity#com.wepindia.pos.DeliveryActivity
ADDED from src\main\AndroidManifest.xml:188:9-192:57
	android:screenOrientation
		ADDED from src\main\AndroidManifest.xml:191:13-56
	android:windowSoftInputMode
		ADDED from src\main\AndroidManifest.xml:192:13-54
	android:configChanges
		ADDED from src\main\AndroidManifest.xml:190:13-79
	android:name
		ADDED from src\main\AndroidManifest.xml:189:13-45
activity#com.wepindia.pos.RiderSettlementActivity
ADDED from src\main\AndroidManifest.xml:193:9-197:57
	android:screenOrientation
		ADDED from src\main\AndroidManifest.xml:196:13-56
	android:windowSoftInputMode
		ADDED from src\main\AndroidManifest.xml:197:13-54
	android:configChanges
		ADDED from src\main\AndroidManifest.xml:195:13-79
	android:name
		ADDED from src\main\AndroidManifest.xml:194:13-52
activity#com.wepindia.pos.AddRolesActivity
ADDED from src\main\AndroidManifest.xml:198:9-201:57
	android:screenOrientation
		ADDED from src\main\AndroidManifest.xml:200:13-56
	android:windowSoftInputMode
		ADDED from src\main\AndroidManifest.xml:201:13-54
	android:name
		ADDED from src\main\AndroidManifest.xml:199:13-45
activity#com.wepindia.pos.UserManagementActivity
ADDED from src\main\AndroidManifest.xml:202:9-205:73
	android:screenOrientation
		ADDED from src\main\AndroidManifest.xml:204:13-56
	android:windowSoftInputMode
		ADDED from src\main\AndroidManifest.xml:205:13-70
	android:name
		ADDED from src\main\AndroidManifest.xml:203:13-51
activity#com.mswipetech.wisepad.payment.PaymentActivity
ADDED from src\main\AndroidManifest.xml:209:9-213:57
	android:screenOrientation
		ADDED from src\main\AndroidManifest.xml:212:13-56
	android:windowSoftInputMode
		ADDED from src\main\AndroidManifest.xml:213:13-54
	android:configChanges
		ADDED from src\main\AndroidManifest.xml:211:13-79
	android:name
		ADDED from src\main\AndroidManifest.xml:210:13-74
activity#com.mswipetech.wisepad.payment.MSwipePaymentActivity
ADDED from src\main\AndroidManifest.xml:214:9-218:55
	android:screenOrientation
		ADDED from src\main\AndroidManifest.xml:217:13-56
	android:windowSoftInputMode
		ADDED from src\main\AndroidManifest.xml:218:13-52
	android:configChanges
		ADDED from src\main\AndroidManifest.xml:216:13-79
	android:name
		ADDED from src\main\AndroidManifest.xml:215:13-80
activity#com.mswipetech.wisepad.payment.PasswordChangeActivity
ADDED from src\main\AndroidManifest.xml:219:9-223:55
	android:screenOrientation
		ADDED from src\main\AndroidManifest.xml:222:13-56
	android:windowSoftInputMode
		ADDED from src\main\AndroidManifest.xml:223:13-52
	android:configChanges
		ADDED from src\main\AndroidManifest.xml:221:13-79
	android:name
		ADDED from src\main\AndroidManifest.xml:220:13-81
service#com.mswipetech.wisepad.sdktest.util.PrinterConnectionService
ADDED from src\main\AndroidManifest.xml:225:9-96
	android:name
		ADDED from src\main\AndroidManifest.xml:225:18-93
activity#com.wepindia.pos.UploadFilePickerActivity
ADDED from src\main\AndroidManifest.xml:228:9-232:57
	android:screenOrientation
		ADDED from src\main\AndroidManifest.xml:231:13-56
	android:windowSoftInputMode
		ADDED from src\main\AndroidManifest.xml:232:13-54
	android:configChanges
		ADDED from src\main\AndroidManifest.xml:230:13-79
	android:name
		ADDED from src\main\AndroidManifest.xml:229:13-53
activity#com.wepindia.pos.PayBillActivity
ADDED from src\main\AndroidManifest.xml:233:9-238:57
	android:screenOrientation
		ADDED from src\main\AndroidManifest.xml:236:13-56
	android:windowSoftInputMode
		ADDED from src\main\AndroidManifest.xml:238:13-54
	android:configChanges
		ADDED from src\main\AndroidManifest.xml:235:13-79
	android:theme
		ADDED from src\main\AndroidManifest.xml:237:13-61
	android:name
		ADDED from src\main\AndroidManifest.xml:234:13-44
activity#com.wepindia.pos.TaxConfigSubActivity
ADDED from src\main\AndroidManifest.xml:239:9-242:57
	android:screenOrientation
		ADDED from src\main\AndroidManifest.xml:241:13-56
	android:windowSoftInputMode
		ADDED from src\main\AndroidManifest.xml:242:13-54
	android:name
		ADDED from src\main\AndroidManifest.xml:240:13-49
activity#com.wepindia.pos.GST.GSTHomeActivity
ADDED from src\main\AndroidManifest.xml:243:9-57
	android:name
		ADDED from src\main\AndroidManifest.xml:243:19-54
activity#com.wepindia.pos.GST.GSTR1_Activity
ADDED from src\main\AndroidManifest.xml:244:9-56
	android:name
		ADDED from src\main\AndroidManifest.xml:244:19-53
activity#com.wepindia.pos.GST.GSTR1_b2b_Activity
ADDED from src\main\AndroidManifest.xml:245:9-60
	android:name
		ADDED from src\main\AndroidManifest.xml:245:19-57
activity#com.wepindia.pos.GST.GSTR1_b2c_Activity
ADDED from src\main\AndroidManifest.xml:246:9-60
	android:name
		ADDED from src\main\AndroidManifest.xml:246:19-57
activity#com.wepindia.pos.GST.GSTR2_Activity
ADDED from src\main\AndroidManifest.xml:247:9-56
	android:name
		ADDED from src\main\AndroidManifest.xml:247:19-53
activity#com.wepindia.pos.GST.GSTR2_tables_Activity
ADDED from src\main\AndroidManifest.xml:248:9-63
	android:name
		ADDED from src\main\AndroidManifest.xml:248:19-60
activity#com.wepindia.pos.GST.GSTR_reconcile_Activity
ADDED from src\main\AndroidManifest.xml:249:9-65
	android:name
		ADDED from src\main\AndroidManifest.xml:249:19-62
activity#com.wepindia.pos.GST.Inward_Item_Entry_Activity
ADDED from src\main\AndroidManifest.xml:250:9-253:73
	android:screenOrientation
		ADDED from src\main\AndroidManifest.xml:252:13-56
	android:windowSoftInputMode
		ADDED from src\main\AndroidManifest.xml:253:13-70
	android:name
		ADDED from src\main\AndroidManifest.xml:251:13-59
activity#com.wepindia.pos.GST.AmmendActivity
ADDED from src\main\AndroidManifest.xml:254:9-257:55
	android:screenOrientation
		ADDED from src\main\AndroidManifest.xml:256:13-56
	android:windowSoftInputMode
		ADDED from src\main\AndroidManifest.xml:257:13-52
	android:name
		ADDED from src\main\AndroidManifest.xml:255:13-47
activity#com.wepindia.pos.GST.Ammend_b2cs_gstr1
ADDED from src\main\AndroidManifest.xml:258:9-261:73
	android:screenOrientation
		ADDED from src\main\AndroidManifest.xml:260:13-56
	android:windowSoftInputMode
		ADDED from src\main\AndroidManifest.xml:261:13-70
	android:name
		ADDED from src\main\AndroidManifest.xml:259:13-50
activity#com.wepindia.pos.GST.Ammend_b2b_GSTR2
ADDED from src\main\AndroidManifest.xml:262:9-265:73
	android:screenOrientation
		ADDED from src\main\AndroidManifest.xml:264:13-56
	android:windowSoftInputMode
		ADDED from src\main\AndroidManifest.xml:265:13-70
	android:name
		ADDED from src\main\AndroidManifest.xml:263:13-49
activity#com.wepindia.pos.GST.InwardInvoiceEntry_Activity
ADDED from src\main\AndroidManifest.xml:266:9-267:58
	android:screenOrientation
		ADDED from src\main\AndroidManifest.xml:267:13-56
	android:name
		ADDED from src\main\AndroidManifest.xml:266:19-66
activity#com.wepindia.pos.GST.GSTConfiguration_Activity
ADDED from src\main\AndroidManifest.xml:268:9-269:58
	android:screenOrientation
		ADDED from src\main\AndroidManifest.xml:269:13-56
	android:name
		ADDED from src\main\AndroidManifest.xml:268:19-64
activity#com.wepindia.pos.GSTLinkActivity_Unused
ADDED from src\main\AndroidManifest.xml:270:9-271:58
	android:screenOrientation
		ADDED from src\main\AndroidManifest.xml:271:13-56
	android:name
		ADDED from src\main\AndroidManifest.xml:270:19-57
activity#com.wepindia.pos.GST.GSTFileActivity
ADDED from src\main\AndroidManifest.xml:272:9-273:58
	android:screenOrientation
		ADDED from src\main\AndroidManifest.xml:273:13-56
	android:name
		ADDED from src\main\AndroidManifest.xml:272:19-54
activity#com.wepindia.pos.GST.CreditDebitActivity
ADDED from src\main\AndroidManifest.xml:274:9-278:73
	android:screenOrientation
		ADDED from src\main\AndroidManifest.xml:277:13-56
	android:windowSoftInputMode
		ADDED from src\main\AndroidManifest.xml:278:13-70
	android:configChanges
		ADDED from src\main\AndroidManifest.xml:276:13-79
	android:name
		ADDED from src\main\AndroidManifest.xml:275:13-52
activity#com.wepindia.pos.Inward_Item_Entry_nonGST_Activity
ADDED from src\main\AndroidManifest.xml:279:9-283:73
	android:screenOrientation
		ADDED from src\main\AndroidManifest.xml:282:13-56
	android:windowSoftInputMode
		ADDED from src\main\AndroidManifest.xml:283:13-70
	android:configChanges
		ADDED from src\main\AndroidManifest.xml:281:13-79
	android:name
		ADDED from src\main\AndroidManifest.xml:280:13-62
activity#com.wepindia.pos.IngredientManagementActivity
ADDED from src\main\AndroidManifest.xml:284:9-289:73
	android:screenOrientation
		ADDED from src\main\AndroidManifest.xml:287:13-56
	android:windowSoftInputMode
		ADDED from src\main\AndroidManifest.xml:289:13-70
	android:configChanges
		ADDED from src\main\AndroidManifest.xml:286:13-79
	android:theme
		ADDED from src\main\AndroidManifest.xml:288:13-47
	android:name
		ADDED from src\main\AndroidManifest.xml:285:13-57
activity#com.wepindia.pos.ConvertIngredientActivity
ADDED from src\main\AndroidManifest.xml:290:9-295:73
	android:screenOrientation
		ADDED from src\main\AndroidManifest.xml:293:13-56
	android:windowSoftInputMode
		ADDED from src\main\AndroidManifest.xml:295:13-70
	android:configChanges
		ADDED from src\main\AndroidManifest.xml:292:13-79
	android:theme
		ADDED from src\main\AndroidManifest.xml:294:13-64
	android:name
		ADDED from src\main\AndroidManifest.xml:291:13-54
activity#com.wepindia.pos.PrintIngredients
ADDED from src\main\AndroidManifest.xml:296:9-301:73
	android:screenOrientation
		ADDED from src\main\AndroidManifest.xml:299:13-56
	android:windowSoftInputMode
		ADDED from src\main\AndroidManifest.xml:301:13-70
	android:configChanges
		ADDED from src\main\AndroidManifest.xml:298:13-79
	android:theme
		ADDED from src\main\AndroidManifest.xml:300:13-72
	android:name
		ADDED from src\main\AndroidManifest.xml:297:13-45
activity#com.wepindia.pos.GoodsInwardNoteActivity
ADDED from src\main\AndroidManifest.xml:302:9-306:73
	android:screenOrientation
		ADDED from src\main\AndroidManifest.xml:305:13-56
	android:windowSoftInputMode
		ADDED from src\main\AndroidManifest.xml:306:13-70
	android:configChanges
		ADDED from src\main\AndroidManifest.xml:304:13-79
	android:name
		ADDED from src\main\AndroidManifest.xml:303:13-52
activity#com.wepindia.pos.PurchaseOrderActivity
ADDED from src\main\AndroidManifest.xml:307:9-312:73
	android:screenOrientation
		ADDED from src\main\AndroidManifest.xml:310:13-56
	android:windowSoftInputMode
		ADDED from src\main\AndroidManifest.xml:312:13-70
	android:configChanges
		ADDED from src\main\AndroidManifest.xml:309:13-79
	android:theme
		ADDED from src\main\AndroidManifest.xml:311:13-47
	android:name
		ADDED from src\main\AndroidManifest.xml:308:13-50
service#com.gprinter.service.GpPrintService
ADDED from src\main\AndroidManifest.xml:314:9-323:19
	android:enabled
		ADDED from src\main\AndroidManifest.xml:316:13-35
	android:process
		ADDED from src\main\AndroidManifest.xml:319:13-38
	android:label
		ADDED from src\main\AndroidManifest.xml:318:13-43
	android:exported
		ADDED from src\main\AndroidManifest.xml:317:13-36
	android:name
		ADDED from src\main\AndroidManifest.xml:315:13-63
intent-filter#com.gprinter.aidl.GpPrintService
ADDED from src\main\AndroidManifest.xml:320:13-322:29
action#com.gprinter.aidl.GpPrintService
ADDED from src\main\AndroidManifest.xml:321:17-75
	android:name
		ADDED from src\main\AndroidManifest.xml:321:25-72
activity#com.wepindia.printers.sohamsa.DeviceListActivity
ADDED from src\main\AndroidManifest.xml:325:9-328:57
	android:screenOrientation
		ADDED from src\main\AndroidManifest.xml:327:13-56
	android:windowSoftInputMode
		ADDED from src\main\AndroidManifest.xml:328:13-54
	android:name
		ADDED from src\main\AndroidManifest.xml:326:13-76
activity#com.wepindia.printers.heydey.PrinterFragment
ADDED from src\main\AndroidManifest.xml:329:9-332:59
	android:screenOrientation
		ADDED from src\main\AndroidManifest.xml:331:13-56
	android:theme
		ADDED from src\main\AndroidManifest.xml:332:13-56
	android:name
		ADDED from src\main\AndroidManifest.xml:330:13-72
activity#com.wepindia.printers.heydey.BluetoothDeviceList
ADDED from src\main\AndroidManifest.xml:333:9-335:15
	android:screenOrientation
		ADDED from src\main\AndroidManifest.xml:334:13-56
	android:name
		ADDED from src\main\AndroidManifest.xml:333:19-82
activity#com.wepindia.printers.sohamsa.PrinterSohamsaActivity
ADDED from src\main\AndroidManifest.xml:336:9-338:59
	android:screenOrientation
		ADDED from src\main\AndroidManifest.xml:338:13-56
	android:name
		ADDED from src\main\AndroidManifest.xml:337:13-80
receiver#com.wepindia.printers.heydey.DeviceBootReceiver
ADDED from src\main\AndroidManifest.xml:340:9-344:20
	android:name
		ADDED from src\main\AndroidManifest.xml:340:19-81
intent-filter#android.intent.action.BOOT_COMPLETED
ADDED from src\main\AndroidManifest.xml:341:13-343:29
action#android.intent.action.BOOT_COMPLETED